2025-07-19 03:14:32,240 - ERROR - [handlers] Ошибка в обработчике /start с реферальным кодом: list index out of range
2025-07-19 03:14:33,285 - INFO - [dispatcher] Update id=433007647 is handled. Duration 1045 ms by bot id=7524145939
2025-07-19 03:15:44,367 - INFO - [dispatcher] Polling stopped
2025-07-19 03:15:44,371 - ERROR - [dispatcher] Failed to fetch updates - TelegramNetworkError: HTTP Client says - ServerDisconnectedError: Server disconnected
2025-07-19 03:15:44,372 - WARNING - [dispatcher] Sleep for 1.000000 seconds and try again... (tryings = 0, bot id = 7524145939)
2025-07-19 03:15:44,573 - INFO - [dispatcher] Polling stopped for bot @bali_referal_bot id=7524145939 - 'Referal_Bot'
2025-07-19 03:15:49,082 - INFO - [base] select pg_catalog.version()
2025-07-19 03:15:49,083 - INFO - [base] [raw sql] ()
2025-07-19 03:15:49,084 - INFO - [base] select current_schema()
2025-07-19 03:15:49,085 - INFO - [base] [raw sql] ()
2025-07-19 03:15:49,086 - INFO - [base] show standard_conforming_strings
2025-07-19 03:15:49,086 - INFO - [base] [raw sql] ()
2025-07-19 03:15:49,087 - INFO - [base] BEGIN (implicit)
2025-07-19 03:15:49,091 - INFO - [base] SELECT pg_catalog.pg_class.relname 
FROM pg_catalog.pg_class JOIN pg_catalog.pg_namespace ON pg_catalog.pg_namespace.oid = pg_catalog.pg_class.relnamespace 
WHERE pg_catalog.pg_class.relname = $1::VARCHAR AND pg_catalog.pg_class.relkind = ANY (ARRAY[$2::VARCHAR, $3::VARCHAR, $4::VARCHAR, $5::VARCHAR, $6::VARCHAR]) AND pg_catalog.pg_table_is_visible(pg_catalog.pg_class.oid) AND pg_catalog.pg_namespace.nspname != $7::VARCHAR
2025-07-19 03:15:49,092 - INFO - [base] [generated in 0.00103s] ('users', 'r', 'p', 'f', 'v', 'm', 'pg_catalog')
2025-07-19 03:15:49,095 - INFO - [base] SELECT pg_catalog.pg_class.relname 
FROM pg_catalog.pg_class JOIN pg_catalog.pg_namespace ON pg_catalog.pg_namespace.oid = pg_catalog.pg_class.relnamespace 
WHERE pg_catalog.pg_class.relname = $1::VARCHAR AND pg_catalog.pg_class.relkind = ANY (ARRAY[$2::VARCHAR, $3::VARCHAR, $4::VARCHAR, $5::VARCHAR, $6::VARCHAR]) AND pg_catalog.pg_table_is_visible(pg_catalog.pg_class.oid) AND pg_catalog.pg_namespace.nspname != $7::VARCHAR
2025-07-19 03:15:49,097 - INFO - [base] [cached since 0.005382s ago] ('purchases', 'r', 'p', 'f', 'v', 'm', 'pg_catalog')
2025-07-19 03:15:49,098 - INFO - [base] COMMIT
2025-07-19 03:15:50,265 - INFO - [dispatcher] Start polling
2025-07-19 03:15:50,523 - INFO - [dispatcher] Run polling for bot @bali_referal_bot id=7524145939 - 'Referal_Bot'
2025-07-19 03:15:52,440 - INFO - [handlers] Обработка /start с реферальным кодом для пользователя 7912699911
2025-07-19 03:15:52,441 - INFO - [base] BEGIN (implicit)
2025-07-19 03:15:52,446 - INFO - [base] SELECT users.id, users.telegram_id, users.username, users.promo_code, users.invited_by_id, users.created_at 
FROM users 
WHERE users.telegram_id = $1::BIGINT
2025-07-19 03:15:52,447 - INFO - [base] [generated in 0.00101s] (7912699911,)
2025-07-19 03:15:52,450 - INFO - [base] SELECT users.id, users.telegram_id, users.username, users.promo_code, users.invited_by_id, users.created_at 
FROM users 
WHERE users.promo_code = $1::VARCHAR
2025-07-19 03:15:52,451 - INFO - [base] [generated in 0.00088s] ('REF_reddmon1761',)
2025-07-19 03:15:52,453 - INFO - [base] COMMIT
2025-07-19 03:15:53,499 - INFO - [dispatcher] Update id=433007648 is handled. Duration 1062 ms by bot id=7524145939
2025-07-19 03:17:00,992 - INFO - [handlers] Обработка /bonuses для пользователя 1758719447
2025-07-19 03:17:00,992 - INFO - [base] BEGIN (implicit)
2025-07-19 03:17:00,993 - INFO - [base] SELECT users.id, users.telegram_id, users.username, users.promo_code, users.invited_by_id, users.created_at 
FROM users 
WHERE users.telegram_id = $1::BIGINT
2025-07-19 03:17:00,993 - INFO - [base] [cached since 68.55s ago] (1758719447,)
2025-07-19 03:17:00,995 - INFO - [base] SELECT users.id, users.telegram_id, users.username, users.promo_code, users.invited_by_id, users.created_at 
FROM users 
WHERE users.invited_by_id = $1::BIGINT
2025-07-19 03:17:00,995 - INFO - [base] [generated in 0.00045s] (6,)
2025-07-19 03:17:00,996 - INFO - [base] COMMIT
2025-07-19 03:17:01,274 - INFO - [dispatcher] Update id=433007649 is handled. Duration 281 ms by bot id=7524145939
2025-07-19 03:17:43,297 - INFO - [dispatcher] Polling stopped
2025-07-19 03:17:43,299 - ERROR - [dispatcher] Failed to fetch updates - TelegramNetworkError: HTTP Client says - ServerDisconnectedError: Server disconnected
2025-07-19 03:17:43,299 - WARNING - [dispatcher] Sleep for 1.000000 seconds and try again... (tryings = 0, bot id = 7524145939)
2025-07-19 03:17:43,485 - INFO - [dispatcher] Polling stopped for bot @bali_referal_bot id=7524145939 - 'Referal_Bot'
2025-07-19 03:17:47,577 - INFO - [base] select pg_catalog.version()
2025-07-19 03:17:47,577 - INFO - [base] [raw sql] ()
2025-07-19 03:17:47,578 - INFO - [base] select current_schema()
2025-07-19 03:17:47,579 - INFO - [base] [raw sql] ()
2025-07-19 03:17:47,580 - INFO - [base] show standard_conforming_strings
2025-07-19 03:17:47,580 - INFO - [base] [raw sql] ()
2025-07-19 03:17:47,581 - INFO - [base] BEGIN (implicit)
2025-07-19 03:17:47,585 - INFO - [base] SELECT pg_catalog.pg_class.relname 
FROM pg_catalog.pg_class JOIN pg_catalog.pg_namespace ON pg_catalog.pg_namespace.oid = pg_catalog.pg_class.relnamespace 
WHERE pg_catalog.pg_class.relname = $1::VARCHAR AND pg_catalog.pg_class.relkind = ANY (ARRAY[$2::VARCHAR, $3::VARCHAR, $4::VARCHAR, $5::VARCHAR, $6::VARCHAR]) AND pg_catalog.pg_table_is_visible(pg_catalog.pg_class.oid) AND pg_catalog.pg_namespace.nspname != $7::VARCHAR
2025-07-19 03:17:47,586 - INFO - [base] [generated in 0.00080s] ('users', 'r', 'p', 'f', 'v', 'm', 'pg_catalog')
2025-07-19 03:17:47,588 - INFO - [base] SELECT pg_catalog.pg_class.relname 
FROM pg_catalog.pg_class JOIN pg_catalog.pg_namespace ON pg_catalog.pg_namespace.oid = pg_catalog.pg_class.relnamespace 
WHERE pg_catalog.pg_class.relname = $1::VARCHAR AND pg_catalog.pg_class.relkind = ANY (ARRAY[$2::VARCHAR, $3::VARCHAR, $4::VARCHAR, $5::VARCHAR, $6::VARCHAR]) AND pg_catalog.pg_table_is_visible(pg_catalog.pg_class.oid) AND pg_catalog.pg_namespace.nspname != $7::VARCHAR
2025-07-19 03:17:47,589 - INFO - [base] [cached since 0.003729s ago] ('purchases', 'r', 'p', 'f', 'v', 'm', 'pg_catalog')
2025-07-19 03:17:47,590 - INFO - [base] COMMIT
2025-07-19 03:17:48,741 - INFO - [dispatcher] Start polling
2025-07-19 03:17:48,998 - INFO - [dispatcher] Run polling for bot @bali_referal_bot id=7524145939 - 'Referal_Bot'
2025-07-19 03:17:49,259 - INFO - [handlers] Обработка /start с реферальным кодом для пользователя 7912699911
2025-07-19 03:17:49,260 - INFO - [base] BEGIN (implicit)
2025-07-19 03:17:49,265 - INFO - [base] SELECT users.id, users.telegram_id, users.username, users.promo_code, users.invited_by_id, users.created_at 
FROM users 
WHERE users.telegram_id = $1::BIGINT
2025-07-19 03:17:49,266 - INFO - [base] [generated in 0.00077s] (7912699911,)
2025-07-19 03:17:49,269 - INFO - [base] SELECT users.id, users.telegram_id, users.username, users.promo_code, users.invited_by_id, users.created_at 
FROM users 
WHERE users.promo_code = $1::VARCHAR
2025-07-19 03:17:49,269 - INFO - [base] [generated in 0.00075s] ('REF_reddmon1761',)
2025-07-19 03:17:49,271 - INFO - [base] COMMIT
2025-07-19 03:17:50,313 - INFO - [dispatcher] Update id=433007650 is handled. Duration 1062 ms by bot id=7524145939
2025-07-19 03:18:22,288 - INFO - [dispatcher] Polling stopped
2025-07-19 03:18:22,288 - ERROR - [dispatcher] Failed to fetch updates - TelegramNetworkError: HTTP Client says - ServerDisconnectedError: Server disconnected
2025-07-19 03:18:22,289 - WARNING - [dispatcher] Sleep for 1.000000 seconds and try again... (tryings = 0, bot id = 7524145939)
2025-07-19 03:18:22,455 - INFO - [dispatcher] Polling stopped for bot @bali_referal_bot id=7524145939 - 'Referal_Bot'
2025-07-19 03:18:26,121 - INFO - [base] select pg_catalog.version()
2025-07-19 03:18:26,121 - INFO - [base] [raw sql] ()
2025-07-19 03:18:26,123 - INFO - [base] select current_schema()
2025-07-19 03:18:26,123 - INFO - [base] [raw sql] ()
2025-07-19 03:18:26,124 - INFO - [base] show standard_conforming_strings
2025-07-19 03:18:26,124 - INFO - [base] [raw sql] ()
2025-07-19 03:18:26,125 - INFO - [base] BEGIN (implicit)
2025-07-19 03:18:26,128 - INFO - [base] SELECT pg_catalog.pg_class.relname 
FROM pg_catalog.pg_class JOIN pg_catalog.pg_namespace ON pg_catalog.pg_namespace.oid = pg_catalog.pg_class.relnamespace 
WHERE pg_catalog.pg_class.relname = $1::VARCHAR AND pg_catalog.pg_class.relkind = ANY (ARRAY[$2::VARCHAR, $3::VARCHAR, $4::VARCHAR, $5::VARCHAR, $6::VARCHAR]) AND pg_catalog.pg_table_is_visible(pg_catalog.pg_class.oid) AND pg_catalog.pg_namespace.nspname != $7::VARCHAR
2025-07-19 03:18:26,129 - INFO - [base] [generated in 0.00108s] ('users', 'r', 'p', 'f', 'v', 'm', 'pg_catalog')
2025-07-19 03:18:26,131 - INFO - [base] SELECT pg_catalog.pg_class.relname 
FROM pg_catalog.pg_class JOIN pg_catalog.pg_namespace ON pg_catalog.pg_namespace.oid = pg_catalog.pg_class.relnamespace 
WHERE pg_catalog.pg_class.relname = $1::VARCHAR AND pg_catalog.pg_class.relkind = ANY (ARRAY[$2::VARCHAR, $3::VARCHAR, $4::VARCHAR, $5::VARCHAR, $6::VARCHAR]) AND pg_catalog.pg_table_is_visible(pg_catalog.pg_class.oid) AND pg_catalog.pg_namespace.nspname != $7::VARCHAR
2025-07-19 03:18:26,132 - INFO - [base] [cached since 0.003938s ago] ('purchases', 'r', 'p', 'f', 'v', 'm', 'pg_catalog')
2025-07-19 03:18:26,133 - INFO - [base] COMMIT
2025-07-19 03:18:27,079 - INFO - [dispatcher] Start polling
2025-07-19 03:18:27,335 - INFO - [dispatcher] Run polling for bot @bali_referal_bot id=7524145939 - 'Referal_Bot'
2025-07-19 03:18:28,870 - INFO - [handlers] Обработка /start с реферальным кодом для пользователя 7912699911
2025-07-19 03:18:28,872 - INFO - [base] BEGIN (implicit)
2025-07-19 03:18:28,881 - INFO - [base] SELECT users.id, users.telegram_id, users.username, users.promo_code, users.invited_by_id, users.created_at 
FROM users 
WHERE users.telegram_id = $1::BIGINT
2025-07-19 03:18:28,889 - INFO - [base] [generated in 0.00814s] (7912699911,)
2025-07-19 03:18:28,893 - INFO - [base] SELECT users.id, users.telegram_id, users.username, users.promo_code, users.invited_by_id, users.created_at 
FROM users 
WHERE users.promo_code = $1::VARCHAR
2025-07-19 03:18:28,894 - INFO - [base] [generated in 0.00176s] ('REF_reddmon1761',)
2025-07-19 03:18:28,896 - INFO - [base] COMMIT
2025-07-19 03:18:29,949 - INFO - [dispatcher] Update id=433007651 is handled. Duration 1077 ms by bot id=7524145939
2025-07-19 03:19:17,786 - INFO - [dispatcher] Polling stopped
2025-07-19 03:19:17,787 - ERROR - [dispatcher] Failed to fetch updates - TelegramNetworkError: HTTP Client says - ServerDisconnectedError: Server disconnected
2025-07-19 03:19:17,787 - WARNING - [dispatcher] Sleep for 1.000000 seconds and try again... (tryings = 0, bot id = 7524145939)
2025-07-19 03:19:17,995 - INFO - [dispatcher] Polling stopped for bot @bali_referal_bot id=7524145939 - 'Referal_Bot'
2025-07-19 03:19:22,175 - INFO - [base] select pg_catalog.version()
2025-07-19 03:19:22,175 - INFO - [base] [raw sql] ()
2025-07-19 03:19:22,177 - INFO - [base] select current_schema()
2025-07-19 03:19:22,177 - INFO - [base] [raw sql] ()
2025-07-19 03:19:22,178 - INFO - [base] show standard_conforming_strings
2025-07-19 03:19:22,178 - INFO - [base] [raw sql] ()
2025-07-19 03:19:22,179 - INFO - [base] BEGIN (implicit)
2025-07-19 03:19:22,182 - INFO - [base] SELECT pg_catalog.pg_class.relname 
FROM pg_catalog.pg_class JOIN pg_catalog.pg_namespace ON pg_catalog.pg_namespace.oid = pg_catalog.pg_class.relnamespace 
WHERE pg_catalog.pg_class.relname = $1::VARCHAR AND pg_catalog.pg_class.relkind = ANY (ARRAY[$2::VARCHAR, $3::VARCHAR, $4::VARCHAR, $5::VARCHAR, $6::VARCHAR]) AND pg_catalog.pg_table_is_visible(pg_catalog.pg_class.oid) AND pg_catalog.pg_namespace.nspname != $7::VARCHAR
2025-07-19 03:19:22,182 - INFO - [base] [generated in 0.00069s] ('users', 'r', 'p', 'f', 'v', 'm', 'pg_catalog')
2025-07-19 03:19:22,184 - INFO - [base] SELECT pg_catalog.pg_class.relname 
FROM pg_catalog.pg_class JOIN pg_catalog.pg_namespace ON pg_catalog.pg_namespace.oid = pg_catalog.pg_class.relnamespace 
WHERE pg_catalog.pg_class.relname = $1::VARCHAR AND pg_catalog.pg_class.relkind = ANY (ARRAY[$2::VARCHAR, $3::VARCHAR, $4::VARCHAR, $5::VARCHAR, $6::VARCHAR]) AND pg_catalog.pg_table_is_visible(pg_catalog.pg_class.oid) AND pg_catalog.pg_namespace.nspname != $7::VARCHAR
2025-07-19 03:19:22,185 - INFO - [base] [cached since 0.003262s ago] ('purchases', 'r', 'p', 'f', 'v', 'm', 'pg_catalog')
2025-07-19 03:19:22,186 - INFO - [base] COMMIT
2025-07-19 03:19:23,333 - INFO - [dispatcher] Start polling
2025-07-19 03:19:23,590 - INFO - [dispatcher] Run polling for bot @bali_referal_bot id=7524145939 - 'Referal_Bot'
2025-07-19 03:19:26,738 - INFO - [handlers] Обработка /start с реферальным кодом для пользователя 7912699911
2025-07-19 03:19:26,738 - INFO - [base] BEGIN (implicit)
2025-07-19 03:19:26,743 - INFO - [base] SELECT users.id, users.telegram_id, users.username, users.promo_code, users.invited_by_id, users.created_at 
FROM users 
WHERE users.telegram_id = $1::BIGINT
2025-07-19 03:19:26,744 - INFO - [base] [generated in 0.00125s] (7912699911,)
2025-07-19 03:19:26,746 - INFO - [base] SELECT users.id, users.telegram_id, users.username, users.promo_code, users.invited_by_id, users.created_at 
FROM users 
WHERE users.promo_code = $1::VARCHAR
2025-07-19 03:19:26,747 - INFO - [base] [generated in 0.00064s] ('reddmon1761',)
2025-07-19 03:19:26,750 - INFO - [base] UPDATE users SET invited_by_id=$1::BIGINT WHERE users.id = $2::BIGINT
2025-07-19 03:19:26,750 - INFO - [base] [generated in 0.00055s] (6, 7)
2025-07-19 03:19:26,752 - INFO - [base] COMMIT
2025-07-19 03:19:27,806 - INFO - [dispatcher] Update id=433007652 is handled. Duration 1077 ms by bot id=7524145939
2025-07-19 03:19:32,767 - INFO - [handlers] Обработка /bonuses для пользователя 1758719447
2025-07-19 03:19:32,768 - INFO - [base] BEGIN (implicit)
2025-07-19 03:19:32,768 - INFO - [base] SELECT users.id, users.telegram_id, users.username, users.promo_code, users.invited_by_id, users.created_at 
FROM users 
WHERE users.telegram_id = $1::BIGINT
2025-07-19 03:19:32,769 - INFO - [base] [cached since 6.026s ago] (1758719447,)
2025-07-19 03:19:32,770 - INFO - [base] SELECT users.id, users.telegram_id, users.username, users.promo_code, users.invited_by_id, users.created_at 
FROM users 
WHERE users.invited_by_id = $1::BIGINT
2025-07-19 03:19:32,771 - INFO - [base] [generated in 0.00056s] (6,)
2025-07-19 03:19:32,773 - INFO - [base] SELECT purchases.id, purchases.user_id, purchases.amount, purchases.date, purchases.bonus_paid 
FROM purchases 
WHERE purchases.user_id = $1::BIGINT
2025-07-19 03:19:32,773 - INFO - [base] [generated in 0.00062s] (7,)
2025-07-19 03:19:32,775 - INFO - [base] COMMIT
2025-07-19 03:19:33,046 - INFO - [dispatcher] Update id=433007653 is handled. Duration 280 ms by bot id=7524145939
2025-07-19 03:19:40,909 - INFO - [handlers] Обработка /start с реферальным кодом для пользователя 7912699911
2025-07-19 03:19:40,909 - INFO - [base] BEGIN (implicit)
2025-07-19 03:19:40,910 - INFO - [base] SELECT users.id, users.telegram_id, users.username, users.promo_code, users.invited_by_id, users.created_at 
FROM users 
WHERE users.telegram_id = $1::BIGINT
2025-07-19 03:19:40,911 - INFO - [base] [cached since 14.17s ago] (7912699911,)
2025-07-19 03:19:40,912 - INFO - [base] SELECT users.id, users.telegram_id, users.username, users.promo_code, users.invited_by_id, users.created_at 
FROM users 
WHERE users.promo_code = $1::VARCHAR
2025-07-19 03:19:40,913 - INFO - [base] [cached since 14.17s ago] ('reddmon1761',)
2025-07-19 03:19:40,914 - INFO - [base] COMMIT
2025-07-19 03:19:41,189 - INFO - [dispatcher] Update id=433007654 is handled. Duration 282 ms by bot id=7524145939
2025-07-19 03:19:43,206 - INFO - [handlers] Обработка /bonuses для пользователя 1758719447
2025-07-19 03:19:43,207 - INFO - [base] BEGIN (implicit)
2025-07-19 03:19:43,207 - INFO - [base] SELECT users.id, users.telegram_id, users.username, users.promo_code, users.invited_by_id, users.created_at 
FROM users 
WHERE users.telegram_id = $1::BIGINT
2025-07-19 03:19:43,208 - INFO - [base] [cached since 16.46s ago] (1758719447,)
2025-07-19 03:19:43,209 - INFO - [base] SELECT users.id, users.telegram_id, users.username, users.promo_code, users.invited_by_id, users.created_at 
FROM users 
WHERE users.invited_by_id = $1::BIGINT
2025-07-19 03:19:43,209 - INFO - [base] [cached since 10.44s ago] (6,)
2025-07-19 03:19:43,211 - INFO - [base] SELECT purchases.id, purchases.user_id, purchases.amount, purchases.date, purchases.bonus_paid 
FROM purchases 
WHERE purchases.user_id = $1::BIGINT
2025-07-19 03:19:43,211 - INFO - [base] [cached since 10.44s ago] (7,)
2025-07-19 03:19:43,212 - INFO - [base] COMMIT
2025-07-19 03:19:43,483 - INFO - [dispatcher] Update id=433007655 is handled. Duration 282 ms by bot id=7524145939
2025-07-19 03:20:32,001 - INFO - [dispatcher] Polling stopped
2025-07-19 03:20:32,002 - ERROR - [dispatcher] Failed to fetch updates - TelegramNetworkError: HTTP Client says - ServerDisconnectedError: Server disconnected
2025-07-19 03:20:32,003 - WARNING - [dispatcher] Sleep for 1.000000 seconds and try again... (tryings = 0, bot id = 7524145939)
2025-07-19 03:20:32,190 - INFO - [dispatcher] Polling stopped for bot @bali_referal_bot id=7524145939 - 'Referal_Bot'
2025-07-19 03:20:36,146 - INFO - [base] select pg_catalog.version()
2025-07-19 03:20:36,147 - INFO - [base] [raw sql] ()
2025-07-19 03:20:36,148 - INFO - [base] select current_schema()
2025-07-19 03:20:36,148 - INFO - [base] [raw sql] ()
2025-07-19 03:20:36,149 - INFO - [base] show standard_conforming_strings
2025-07-19 03:20:36,150 - INFO - [base] [raw sql] ()
2025-07-19 03:20:36,151 - INFO - [base] BEGIN (implicit)
2025-07-19 03:20:36,154 - INFO - [base] SELECT pg_catalog.pg_class.relname 
FROM pg_catalog.pg_class JOIN pg_catalog.pg_namespace ON pg_catalog.pg_namespace.oid = pg_catalog.pg_class.relnamespace 
WHERE pg_catalog.pg_class.relname = $1::VARCHAR AND pg_catalog.pg_class.relkind = ANY (ARRAY[$2::VARCHAR, $3::VARCHAR, $4::VARCHAR, $5::VARCHAR, $6::VARCHAR]) AND pg_catalog.pg_table_is_visible(pg_catalog.pg_class.oid) AND pg_catalog.pg_namespace.nspname != $7::VARCHAR
2025-07-19 03:20:36,155 - INFO - [base] [generated in 0.00105s] ('users', 'r', 'p', 'f', 'v', 'm', 'pg_catalog')
2025-07-19 03:20:36,157 - INFO - [base] SELECT pg_catalog.pg_class.relname 
FROM pg_catalog.pg_class JOIN pg_catalog.pg_namespace ON pg_catalog.pg_namespace.oid = pg_catalog.pg_class.relnamespace 
WHERE pg_catalog.pg_class.relname = $1::VARCHAR AND pg_catalog.pg_class.relkind = ANY (ARRAY[$2::VARCHAR, $3::VARCHAR, $4::VARCHAR, $5::VARCHAR, $6::VARCHAR]) AND pg_catalog.pg_table_is_visible(pg_catalog.pg_class.oid) AND pg_catalog.pg_namespace.nspname != $7::VARCHAR
2025-07-19 03:20:36,158 - INFO - [base] [cached since 0.00452s ago] ('purchases', 'r', 'p', 'f', 'v', 'm', 'pg_catalog')
2025-07-19 03:20:36,159 - INFO - [base] COMMIT
2025-07-19 03:20:37,375 - INFO - [dispatcher] Start polling
2025-07-19 03:20:37,632 - INFO - [dispatcher] Run polling for bot @bali_referal_bot id=7524145939 - 'Referal_Bot'
2025-07-19 03:20:39,956 - INFO - [handlers] Обработка /start с реферальным кодом для пользователя 7912699911
2025-07-19 03:20:39,957 - INFO - [base] BEGIN (implicit)
2025-07-19 03:20:39,962 - INFO - [base] SELECT users.id, users.telegram_id, users.username, users.promo_code, users.invited_by_id, users.created_at 
FROM users 
WHERE users.telegram_id = $1::BIGINT
2025-07-19 03:20:39,963 - INFO - [base] [generated in 0.00077s] (7912699911,)
2025-07-19 03:20:39,965 - INFO - [base] SELECT users.id, users.telegram_id, users.username, users.promo_code, users.invited_by_id, users.created_at 
FROM users 
WHERE users.promo_code = $1::VARCHAR
2025-07-19 03:20:39,966 - INFO - [base] [generated in 0.00072s] ('reddmon1761',)
2025-07-19 03:20:39,968 - INFO - [base] COMMIT
2025-07-19 03:20:41,064 - INFO - [dispatcher] Update id=433007656 is handled. Duration 1109 ms by bot id=7524145939
2025-07-19 03:20:46,853 - INFO - [dispatcher] Polling stopped
2025-07-19 03:20:46,853 - ERROR - [dispatcher] Failed to fetch updates - TelegramNetworkError: HTTP Client says - ServerDisconnectedError: Server disconnected
2025-07-19 03:20:46,854 - WARNING - [dispatcher] Sleep for 1.000000 seconds and try again... (tryings = 0, bot id = 7524145939)
2025-07-19 03:20:47,041 - INFO - [dispatcher] Polling stopped for bot @bali_referal_bot id=7524145939 - 'Referal_Bot'
2025-07-19 03:20:50,892 - INFO - [base] select pg_catalog.version()
2025-07-19 03:20:50,892 - INFO - [base] [raw sql] ()
2025-07-19 03:20:50,894 - INFO - [base] select current_schema()
2025-07-19 03:20:50,894 - INFO - [base] [raw sql] ()
2025-07-19 03:20:50,895 - INFO - [base] show standard_conforming_strings
2025-07-19 03:20:50,896 - INFO - [base] [raw sql] ()
2025-07-19 03:20:50,896 - INFO - [base] BEGIN (implicit)
2025-07-19 03:20:50,900 - INFO - [base] SELECT pg_catalog.pg_class.relname 
FROM pg_catalog.pg_class JOIN pg_catalog.pg_namespace ON pg_catalog.pg_namespace.oid = pg_catalog.pg_class.relnamespace 
WHERE pg_catalog.pg_class.relname = $1::VARCHAR AND pg_catalog.pg_class.relkind = ANY (ARRAY[$2::VARCHAR, $3::VARCHAR, $4::VARCHAR, $5::VARCHAR, $6::VARCHAR]) AND pg_catalog.pg_table_is_visible(pg_catalog.pg_class.oid) AND pg_catalog.pg_namespace.nspname != $7::VARCHAR
2025-07-19 03:20:50,901 - INFO - [base] [generated in 0.00140s] ('users', 'r', 'p', 'f', 'v', 'm', 'pg_catalog')
2025-07-19 03:20:50,904 - INFO - [base] SELECT pg_catalog.pg_class.relname 
FROM pg_catalog.pg_class JOIN pg_catalog.pg_namespace ON pg_catalog.pg_namespace.oid = pg_catalog.pg_class.relnamespace 
WHERE pg_catalog.pg_class.relname = $1::VARCHAR AND pg_catalog.pg_class.relkind = ANY (ARRAY[$2::VARCHAR, $3::VARCHAR, $4::VARCHAR, $5::VARCHAR, $6::VARCHAR]) AND pg_catalog.pg_table_is_visible(pg_catalog.pg_class.oid) AND pg_catalog.pg_namespace.nspname != $7::VARCHAR
2025-07-19 03:20:50,904 - INFO - [base] [cached since 0.004336s ago] ('purchases', 'r', 'p', 'f', 'v', 'm', 'pg_catalog')
2025-07-19 03:20:50,905 - INFO - [base] COMMIT
2025-07-19 03:20:51,902 - INFO - [dispatcher] Start polling
2025-07-19 03:20:52,158 - INFO - [dispatcher] Run polling for bot @bali_referal_bot id=7524145939 - 'Referal_Bot'
2025-07-19 03:20:52,419 - INFO - [handlers] Обработка /start с реферальным кодом для пользователя 7912699911
2025-07-19 03:20:52,420 - INFO - [base] BEGIN (implicit)
2025-07-19 03:20:52,424 - INFO - [base] SELECT users.id, users.telegram_id, users.username, users.promo_code, users.invited_by_id, users.created_at 
FROM users 
WHERE users.telegram_id = $1::BIGINT
2025-07-19 03:20:52,424 - INFO - [base] [generated in 0.00048s] (7912699911,)
2025-07-19 03:20:52,427 - INFO - [base] SELECT users.id, users.telegram_id, users.username, users.promo_code, users.invited_by_id, users.created_at 
FROM users 
WHERE users.promo_code = $1::VARCHAR
2025-07-19 03:20:52,427 - INFO - [base] [generated in 0.00053s] ('reddmon1761',)
2025-07-19 03:20:52,430 - INFO - [base] COMMIT
2025-07-19 03:20:53,489 - INFO - [dispatcher] Update id=433007657 is handled. Duration 1063 ms by bot id=7524145939
2025-07-19 03:21:24,951 - INFO - [handlers] Обработка /start с реферальным кодом для пользователя 7912699911
2025-07-19 03:21:24,952 - INFO - [base] BEGIN (implicit)
2025-07-19 03:21:24,953 - INFO - [base] SELECT users.id, users.telegram_id, users.username, users.promo_code, users.invited_by_id, users.created_at 
FROM users 
WHERE users.telegram_id = $1::BIGINT
2025-07-19 03:21:24,953 - INFO - [base] [cached since 32.53s ago] (7912699911,)
2025-07-19 03:21:24,954 - INFO - [base] SELECT users.id, users.telegram_id, users.username, users.promo_code, users.invited_by_id, users.created_at 
FROM users 
WHERE users.promo_code = $1::VARCHAR
2025-07-19 03:21:24,955 - INFO - [base] [cached since 32.53s ago] ('reddmon1_835809',)
2025-07-19 03:21:24,955 - INFO - [base] COMMIT
2025-07-19 03:21:24,956 - ERROR - [handlers] Ошибка в обработчике /start с реферальным кодом: 'NoneType' object has no attribute 'username'
2025-07-19 03:21:25,227 - INFO - [dispatcher] Update id=433007658 is handled. Duration 266 ms by bot id=7524145939
2025-07-19 03:22:21,956 - INFO - [dispatcher] Polling stopped
2025-07-19 03:22:21,957 - ERROR - [dispatcher] Failed to fetch updates - TelegramNetworkError: HTTP Client says - ServerDisconnectedError: Server disconnected
2025-07-19 03:22:21,957 - WARNING - [dispatcher] Sleep for 1.000000 seconds and try again... (tryings = 0, bot id = 7524145939)
2025-07-19 03:22:22,162 - INFO - [dispatcher] Polling stopped for bot @bali_referal_bot id=7524145939 - 'Referal_Bot'
2025-07-19 03:22:26,344 - INFO - [base] select pg_catalog.version()
2025-07-19 03:22:26,344 - INFO - [base] [raw sql] ()
2025-07-19 03:22:26,346 - INFO - [base] select current_schema()
2025-07-19 03:22:26,346 - INFO - [base] [raw sql] ()
2025-07-19 03:22:26,347 - INFO - [base] show standard_conforming_strings
2025-07-19 03:22:26,347 - INFO - [base] [raw sql] ()
2025-07-19 03:22:26,349 - INFO - [base] BEGIN (implicit)
2025-07-19 03:22:26,353 - INFO - [base] SELECT pg_catalog.pg_class.relname 
FROM pg_catalog.pg_class JOIN pg_catalog.pg_namespace ON pg_catalog.pg_namespace.oid = pg_catalog.pg_class.relnamespace 
WHERE pg_catalog.pg_class.relname = $1::VARCHAR AND pg_catalog.pg_class.relkind = ANY (ARRAY[$2::VARCHAR, $3::VARCHAR, $4::VARCHAR, $5::VARCHAR, $6::VARCHAR]) AND pg_catalog.pg_table_is_visible(pg_catalog.pg_class.oid) AND pg_catalog.pg_namespace.nspname != $7::VARCHAR
2025-07-19 03:22:26,354 - INFO - [base] [generated in 0.00102s] ('users', 'r', 'p', 'f', 'v', 'm', 'pg_catalog')
2025-07-19 03:22:26,357 - INFO - [base] SELECT pg_catalog.pg_class.relname 
FROM pg_catalog.pg_class JOIN pg_catalog.pg_namespace ON pg_catalog.pg_namespace.oid = pg_catalog.pg_class.relnamespace 
WHERE pg_catalog.pg_class.relname = $1::VARCHAR AND pg_catalog.pg_class.relkind = ANY (ARRAY[$2::VARCHAR, $3::VARCHAR, $4::VARCHAR, $5::VARCHAR, $6::VARCHAR]) AND pg_catalog.pg_table_is_visible(pg_catalog.pg_class.oid) AND pg_catalog.pg_namespace.nspname != $7::VARCHAR
2025-07-19 03:22:26,358 - INFO - [base] [cached since 0.005156s ago] ('purchases', 'r', 'p', 'f', 'v', 'm', 'pg_catalog')
2025-07-19 03:22:26,359 - INFO - [base] COMMIT
2025-07-19 03:22:27,505 - INFO - [dispatcher] Start polling
2025-07-19 03:22:27,766 - INFO - [dispatcher] Run polling for bot @bali_referal_bot id=7524145939 - 'Referal_Bot'
2025-07-19 03:22:31,132 - INFO - [handlers] Обработка /start с реферальным кодом для пользователя 7912699911
2025-07-19 03:22:31,133 - INFO - [base] BEGIN (implicit)
2025-07-19 03:22:31,138 - INFO - [base] SELECT users.id, users.telegram_id, users.username, users.promo_code, users.invited_by_id, users.created_at 
FROM users 
WHERE users.telegram_id = $1::BIGINT
2025-07-19 03:22:31,139 - INFO - [base] [generated in 0.00089s] (7912699911,)
2025-07-19 03:22:31,142 - INFO - [base] SELECT users.id, users.telegram_id, users.username, users.promo_code, users.invited_by_id, users.created_at 
FROM users 
WHERE users.promo_code = $1::VARCHAR
2025-07-19 03:22:31,143 - INFO - [base] [generated in 0.00080s] ('reddmon1_835809',)
2025-07-19 03:22:32,254 - INFO - [base] COMMIT
2025-07-19 03:22:32,256 - INFO - [dispatcher] Update id=433007659 is handled. Duration 1125 ms by bot id=7524145939
2025-07-19 03:22:39,792 - INFO - [handlers] Обработка /start с реферальным кодом для пользователя 7912699911
2025-07-19 03:22:39,792 - INFO - [base] BEGIN (implicit)
2025-07-19 03:22:39,793 - INFO - [base] SELECT users.id, users.telegram_id, users.username, users.promo_code, users.invited_by_id, users.created_at 
FROM users 
WHERE users.telegram_id = $1::BIGINT
2025-07-19 03:22:39,794 - INFO - [base] [cached since 8.656s ago] (7912699911,)
2025-07-19 03:22:39,795 - INFO - [base] SELECT users.id, users.telegram_id, users.username, users.promo_code, users.invited_by_id, users.created_at 
FROM users 
WHERE users.promo_code = $1::VARCHAR
2025-07-19 03:22:39,796 - INFO - [base] [cached since 8.654s ago] ('reddmon1761',)
2025-07-19 03:22:40,421 - INFO - [base] COMMIT
2025-07-19 03:22:40,422 - INFO - [dispatcher] Update id=433007660 is handled. Duration 625 ms by bot id=7524145939
2025-07-19 03:22:55,002 - INFO - [dispatcher] Polling stopped
2025-07-19 03:22:55,003 - ERROR - [dispatcher] Failed to fetch updates - TelegramNetworkError: HTTP Client says - ServerDisconnectedError: Server disconnected
2025-07-19 03:22:55,003 - WARNING - [dispatcher] Sleep for 1.000000 seconds and try again... (tryings = 0, bot id = 7524145939)
2025-07-19 03:22:55,210 - INFO - [dispatcher] Polling stopped for bot @bali_referal_bot id=7524145939 - 'Referal_Bot'
2025-07-19 03:23:00,332 - INFO - [base] select pg_catalog.version()
2025-07-19 03:23:00,332 - INFO - [base] [raw sql] ()
2025-07-19 03:23:00,334 - INFO - [base] select current_schema()
2025-07-19 03:23:00,334 - INFO - [base] [raw sql] ()
2025-07-19 03:23:00,335 - INFO - [base] show standard_conforming_strings
2025-07-19 03:23:00,335 - INFO - [base] [raw sql] ()
2025-07-19 03:23:00,336 - INFO - [base] BEGIN (implicit)
2025-07-19 03:23:00,339 - INFO - [base] SELECT pg_catalog.pg_class.relname 
FROM pg_catalog.pg_class JOIN pg_catalog.pg_namespace ON pg_catalog.pg_namespace.oid = pg_catalog.pg_class.relnamespace 
WHERE pg_catalog.pg_class.relname = $1::VARCHAR AND pg_catalog.pg_class.relkind = ANY (ARRAY[$2::VARCHAR, $3::VARCHAR, $4::VARCHAR, $5::VARCHAR, $6::VARCHAR]) AND pg_catalog.pg_table_is_visible(pg_catalog.pg_class.oid) AND pg_catalog.pg_namespace.nspname != $7::VARCHAR
2025-07-19 03:23:00,340 - INFO - [base] [generated in 0.00076s] ('users', 'r', 'p', 'f', 'v', 'm', 'pg_catalog')
2025-07-19 03:23:00,342 - INFO - [base] SELECT pg_catalog.pg_class.relname 
FROM pg_catalog.pg_class JOIN pg_catalog.pg_namespace ON pg_catalog.pg_namespace.oid = pg_catalog.pg_class.relnamespace 
WHERE pg_catalog.pg_class.relname = $1::VARCHAR AND pg_catalog.pg_class.relkind = ANY (ARRAY[$2::VARCHAR, $3::VARCHAR, $4::VARCHAR, $5::VARCHAR, $6::VARCHAR]) AND pg_catalog.pg_table_is_visible(pg_catalog.pg_class.oid) AND pg_catalog.pg_namespace.nspname != $7::VARCHAR
2025-07-19 03:23:00,342 - INFO - [base] [cached since 0.003463s ago] ('purchases', 'r', 'p', 'f', 'v', 'm', 'pg_catalog')
2025-07-19 03:23:00,343 - INFO - [base] COMMIT
2025-07-19 03:23:01,483 - INFO - [dispatcher] Start polling
2025-07-19 03:23:01,740 - INFO - [dispatcher] Run polling for bot @bali_referal_bot id=7524145939 - 'Referal_Bot'
2025-07-19 03:23:01,999 - INFO - [handlers] Обработка /bonuses для пользователя 1758719447
2025-07-19 03:23:02,000 - INFO - [base] BEGIN (implicit)
2025-07-19 03:23:02,006 - INFO - [base] SELECT users.id, users.telegram_id, users.username, users.promo_code, users.invited_by_id, users.created_at 
FROM users 
WHERE users.telegram_id = $1::BIGINT
2025-07-19 03:23:02,007 - INFO - [base] [generated in 0.00112s] (1758719447,)
2025-07-19 03:23:02,010 - INFO - [base] SELECT users.id, users.telegram_id, users.username, users.promo_code, users.invited_by_id, users.created_at 
FROM users 
WHERE users.invited_by_id = $1::BIGINT
2025-07-19 03:23:02,010 - INFO - [base] [generated in 0.00066s] (6,)
2025-07-19 03:23:02,012 - INFO - [base] SELECT purchases.id, purchases.user_id, purchases.amount, purchases.date, purchases.bonus_paid 
FROM purchases 
WHERE purchases.user_id = $1::BIGINT
2025-07-19 03:23:02,014 - INFO - [base] [generated in 0.00183s] (7,)
2025-07-19 03:23:02,016 - INFO - [base] COMMIT
2025-07-19 03:23:03,069 - INFO - [dispatcher] Update id=433007661 is handled. Duration 1062 ms by bot id=7524145939
2025-07-19 04:13:08,064 - ERROR - [dispatcher] Failed to fetch updates - TelegramRetryAfter: Telegram server says - Flood control exceeded on method 'GetUpdates'. Retry in 5 seconds.
Original description: Too Many Requests: retry after 5
(background on this error at: https://core.telegram.org/bots/faq#my-bot-is-hitting-limits-how-do-i-avoid-this)
2025-07-19 04:13:08,065 - WARNING - [dispatcher] Sleep for 1.000000 seconds and try again... (tryings = 0, bot id = 7524145939)
2025-07-19 04:13:09,327 - ERROR - [dispatcher] Failed to fetch updates - TelegramRetryAfter: Telegram server says - Flood control exceeded on method 'GetUpdates'. Retry in 5 seconds.
Original description: Too Many Requests: retry after 5
(background on this error at: https://core.telegram.org/bots/faq#my-bot-is-hitting-limits-how-do-i-avoid-this)
2025-07-19 04:13:09,328 - WARNING - [dispatcher] Sleep for 1.395657 seconds and try again... (tryings = 1, bot id = 7524145939)
2025-07-19 04:13:12,860 - ERROR - [dispatcher] Failed to fetch updates - TelegramServerError: Telegram server says - Bad Gateway
2025-07-19 04:13:12,860 - WARNING - [dispatcher] Sleep for 1.683789 seconds and try again... (tryings = 2, bot id = 7524145939)
2025-07-19 04:13:15,581 - ERROR - [dispatcher] Failed to fetch updates - TelegramServerError: Telegram server says - Bad Gateway
2025-07-19 04:13:15,581 - WARNING - [dispatcher] Sleep for 2.096271 seconds and try again... (tryings = 3, bot id = 7524145939)
2025-07-19 04:13:38,290 - INFO - [dispatcher] Connection established (tryings = 4, bot id = 7524145939)
